365072243052
365072243080
365072242256
365072243228
365072243240
365072240112
365072242988
365072240096
365072243020
365072242608
365072240080
365072242652
365072242680
365072241648
365072242716
365072242888
365072241936
365072242908
365072240272
365072242916
365072242416
365072242920
365072242048
365072242924
365072243528
365072241216
365072243552
365072240176
365072243556
365072243752
365072242928
365072240176
365072242932
365072242940
365072249328
365072248932
365072242016
365072248964
365072248984
365072242944
365072242952
365072241808
365072249032
365072241520
365072249076
365072249132
365072257844
365072239776
365072249148
365072252556
365072239776
365072252584
365072252616
365072249156
365072271748
365072241376
365072271800
365072271820
365072241056
365072271844
365072271872
365072249164
365072249204
365072240288
365072249232
365072244904
365072244924
